  [1m[35m (476.2ms)[0m  [1m[35mCREATE DATABASE "goals_app_development" ENCODING = 'unicode'[0m
  ↳ bin/rails:9
  [1m[35m (269.4ms)[0m  [1m[35mCREATE DATABASE "goals_app_test" ENCODING = 'unicode'[0m
  ↳ bin/rails:9
  [1m[35m (8.3ms)[0m  [1m[35mCREATE TABLE "schema_migrations" ("version" character varying NOT NULL PRIMARY KEY)[0m
  ↳ bin/rails:9
  [1m[35m (5.5ms)[0m  [1m[35mCREATE TABLE "ar_internal_metadata" ("key" character varying NOT NULL PRIMARY KEY, "value" character varying, "created_at" timestamp NOT NULL, "updated_at" timestamp NOT NULL)[0m
  ↳ bin/rails:9
  [1m[35m (0.5ms)[0m  [1m[34mSELECT pg_try_advisory_lock(3322438552325991840)[0m
  ↳ bin/rails:9
  [1m[35m (1.5ms)[0m  [1m[34mSELECT "schema_migrations"."version" FROM "schema_migrations" ORDER BY "schema_migrations"."version" ASC[0m
  ↳ bin/rails:9
Migrating to CreateUsers (20190201194014)
  [1m[35m (4.5ms)[0m  [1m[35mBEGIN[0m
  ↳ bin/rails:9
  [1m[35m (7.7ms)[0m  [1m[35mCREATE TABLE "users" ("id" bigserial primary key, "username" character varying NOT NULL, "password_digest" character varying NOT NULL, "session_token" character varying NOT NULL, "created_at" timestamp NOT NULL, "updated_at" timestamp NOT NULL)[0m
  ↳ db/migrate/20190201194014_create_users.rb:3
  [1m[35m (1.2ms)[0m  [1m[35mCREATE  INDEX  "index_users_on_username" ON "users"  ("username")[0m
  ↳ db/migrate/20190201194014_create_users.rb:9
  [1m[35m (1.5ms)[0m  [1m[35mCREATE  INDEX  "index_users_on_session_token" ON "users"  ("session_token")[0m
  ↳ db/migrate/20190201194014_create_users.rb:10
  [1m[36mActiveRecord::SchemaMigration Create (1.5ms)[0m  [1m[32mINSERT INTO "schema_migrations" ("version") VALUES ($1) RETURNING "version"[0m  [["version", "20190201194014"]]
  ↳ bin/rails:9
  [1m[35m (0.5ms)[0m  [1m[35mCOMMIT[0m
  ↳ bin/rails:9
  [1m[36mActiveRecord::InternalMetadata Load (19.0ms)[0m  [1m[34mSELECT  "ar_internal_metadata".* FROM "ar_internal_metadata" WHERE "ar_internal_metadata"."key" = $1 LIMIT $2[0m  [["key", "environment"], ["LIMIT", 1]]
  ↳ bin/rails:9
  [1m[35m (0.4ms)[0m  [1m[35mBEGIN[0m
  ↳ bin/rails:9
  [1m[36mActiveRecord::InternalMetadata Create (0.8ms)[0m  [1m[32mINSERT INTO "ar_internal_metadata" ("key", "value", "created_at", "updated_at") VALUES ($1, $2, $3, $4) RETURNING "key"[0m  [["key", "environment"], ["value", "development"], ["created_at", "2019-02-01 19:45:05.915742"], ["updated_at", "2019-02-01 19:45:05.915742"]]
  ↳ bin/rails:9
  [1m[35m (1.2ms)[0m  [1m[35mCOMMIT[0m
  ↳ bin/rails:9
  [1m[35m (0.7ms)[0m  [1m[34mSELECT pg_advisory_unlock(3322438552325991840)[0m
  ↳ bin/rails:9
  [1m[35m (0.5ms)[0m  [1m[34mSELECT "schema_migrations"."version" FROM "schema_migrations" ORDER BY "schema_migrations"."version" ASC[0m
  ↳ bin/rails:9
  [1m[35m (3.1ms)[0m  [1m[34mSELECT "schema_migrations"."version" FROM "schema_migrations" ORDER BY "schema_migrations"."version" ASC[0m
  ↳ bin/rails:9
  [1m[35m (2.8ms)[0m  [1m[34mSELECT "ar_internal_metadata"."value" FROM "ar_internal_metadata" WHERE "ar_internal_metadata"."key" = $1[0m  [["key", "environment"]]
  ↳ bin/rails:9
  [1m[35m (3.5ms)[0m  [1m[34mSELECT "schema_migrations"."version" FROM "schema_migrations" ORDER BY "schema_migrations"."version" ASC[0m
  ↳ bin/rails:9
  [1m[35m (1.2ms)[0m  [1m[34mSELECT "ar_internal_metadata"."value" FROM "ar_internal_metadata" WHERE "ar_internal_metadata"."key" = $1[0m  [["key", "environment"]]
  ↳ bin/rails:9
  [1m[35m (9.2ms)[0m  [1m[34mSELECT "schema_migrations"."version" FROM "schema_migrations" ORDER BY "schema_migrations"."version" ASC[0m
  ↳ bin/rails:9
  [1m[35m (3.6ms)[0m  [1m[34mSELECT "ar_internal_metadata"."value" FROM "ar_internal_metadata" WHERE "ar_internal_metadata"."key" = $1[0m  [["key", "environment"]]
  ↳ bin/rails:9
  [1m[35m (148.4ms)[0m  [1m[35mDROP DATABASE IF EXISTS "goals_app_test"[0m
  ↳ bin/rails:9
  [1m[35m (304.1ms)[0m  [1m[35mCREATE DATABASE "goals_app_test" ENCODING = 'unicode'[0m
  ↳ bin/rails:9
  [1m[35mSQL (0.4ms)[0m  [1m[35mCREATE EXTENSION IF NOT EXISTS "plpgsql"[0m
  ↳ db/schema.rb:16
  [1m[35m (0.2ms)[0m  [1m[35mDROP TABLE IF EXISTS "users" CASCADE[0m
  ↳ db/schema.rb:18
  [1m[35m (9.7ms)[0m  [1m[35mCREATE TABLE "users" ("id" bigserial primary key, "username" character varying NOT NULL, "password_digest" character varying NOT NULL, "session_token" character varying NOT NULL, "created_at" timestamp NOT NULL, "updated_at" timestamp NOT NULL)[0m
  ↳ db/schema.rb:18
  [1m[35m (1.8ms)[0m  [1m[35mCREATE  INDEX  "index_users_on_session_token" ON "users"  ("session_token")[0m
  ↳ db/schema.rb:18
  [1m[35m (1.7ms)[0m  [1m[35mCREATE  INDEX  "index_users_on_username" ON "users"  ("username")[0m
  ↳ db/schema.rb:18
  [1m[35m (3.5ms)[0m  [1m[35mCREATE TABLE "schema_migrations" ("version" character varying NOT NULL PRIMARY KEY)[0m
  ↳ db/schema.rb:13
  [1m[35m (0.8ms)[0m  [1m[34mSELECT "schema_migrations"."version" FROM "schema_migrations" ORDER BY "schema_migrations"."version" ASC[0m
  ↳ db/schema.rb:13
  [1m[35m (0.7ms)[0m  [1m[32mINSERT INTO "schema_migrations" (version) VALUES (20190201194014)[0m
  ↳ db/schema.rb:13
  [1m[35m (3.3ms)[0m  [1m[35mCREATE TABLE "ar_internal_metadata" ("key" character varying NOT NULL PRIMARY KEY, "value" character varying, "created_at" timestamp NOT NULL, "updated_at" timestamp NOT NULL)[0m
  ↳ db/schema.rb:13
  [1m[36mActiveRecord::InternalMetadata Load (0.5ms)[0m  [1m[34mSELECT  "ar_internal_metadata".* FROM "ar_internal_metadata" WHERE "ar_internal_metadata"."key" = $1 LIMIT $2[0m  [["key", "environment"], ["LIMIT", 1]]
  ↳ db/schema.rb:13
  [1m[35m (0.2ms)[0m  [1m[35mBEGIN[0m
  ↳ db/schema.rb:13
  [1m[36mActiveRecord::InternalMetadata Create (0.5ms)[0m  [1m[32mINSERT INTO "ar_internal_metadata" ("key", "value", "created_at", "updated_at") VALUES ($1, $2, $3, $4) RETURNING "key"[0m  [["key", "environment"], ["value", "development"], ["created_at", "2019-02-01 19:45:06.615556"], ["updated_at", "2019-02-01 19:45:06.615556"]]
  ↳ db/schema.rb:13
  [1m[35m (0.5ms)[0m  [1m[35mCOMMIT[0m
  ↳ db/schema.rb:13
  [1m[36mActiveRecord::InternalMetadata Load (0.3ms)[0m  [1m[34mSELECT  "ar_internal_metadata".* FROM "ar_internal_metadata" WHERE "ar_internal_metadata"."key" = $1 LIMIT $2[0m  [["key", "environment"], ["LIMIT", 1]]
  ↳ bin/rails:9
  [1m[35m (0.3ms)[0m  [1m[35mBEGIN[0m
  ↳ bin/rails:9
  [1m[36mActiveRecord::InternalMetadata Update (0.5ms)[0m  [1m[33mUPDATE "ar_internal_metadata" SET "value" = $1, "updated_at" = $2 WHERE "ar_internal_metadata"."key" = $3[0m  [["value", "test"], ["updated_at", "2019-02-01 19:45:06.635462"], ["key", "environment"]]
  ↳ bin/rails:9
  [1m[35m (0.5ms)[0m  [1m[35mCOMMIT[0m
  ↳ bin/rails:9
  [1m[35m (2.1ms)[0m  [1m[34mSELECT "schema_migrations"."version" FROM "schema_migrations" ORDER BY "schema_migrations"."version" ASC[0m
  ↳ /usr/local/var/rbenv/versions/2.5.0/bin/annotate:23
Started GET "/session/new" for 127.0.0.1 at 2019-02-01 15:33:05 -0800
  [1m[35m (13.2ms)[0m  [1m[34mSELECT "schema_migrations"."version" FROM "schema_migrations" ORDER BY "schema_migrations"."version" ASC[0m
  ↳ /usr/local/var/rbenv/versions/2.5.0/lib/ruby/gems/2.5.0/gems/activerecord-5.2.2/lib/active_record/log_subscriber.rb:98
Processing by SessionsController#new as HTML
  Rendering sessions/new.html.erb within layouts/application
  Rendered sessions/new.html.erb within layouts/application (7.5ms)
Completed 200 OK in 794ms (Views: 760.8ms | ActiveRecord: 0.0ms)


Started GET "/users/new" for 127.0.0.1 at 2019-02-01 15:33:11 -0800
Processing by UsersController#new as HTML
  Rendering users/new.html.erb within layouts/application
  Rendered users/new.html.erb within layouts/application (0.6ms)
Completed 200 OK in 57ms (Views: 29.4ms | ActiveRecord: 0.0ms)


Started POST "/users" for 127.0.0.1 at 2019-02-01 15:33:16 -0800
Processing by UsersController#create as HTML
  Parameters: {"user"=>{"username"=>"james123", "password"=>"[FILTERED]"}}
Can't verify CSRF token authenticity.
Completed 422 Unprocessable Entity in 3ms (ActiveRecord: 0.0ms)



ActionController::InvalidAuthenticityToken - ActionController::InvalidAuthenticityToken:

Started POST "/__better_errors/e4fa9ed4fb9bde50/variables" for 127.0.0.1 at 2019-02-01 15:33:16 -0800
Started POST "/users" for 127.0.0.1 at 2019-02-01 15:34:29 -0800
Processing by UsersController#create as HTML
  Parameters: {"user"=>{"username"=>"james123", "password"=>"[FILTERED]"}}
Can't verify CSRF token authenticity.
Completed 422 Unprocessable Entity in 1ms (ActiveRecord: 0.0ms)



ActionController::InvalidAuthenticityToken - ActionController::InvalidAuthenticityToken:

Started POST "/__better_errors/e47b587afa36534b/variables" for 127.0.0.1 at 2019-02-01 15:34:29 -0800
Started POST "/users" for 127.0.0.1 at 2019-02-01 15:34:39 -0800
Processing by UsersController#create as HTML
  Parameters: {"user"=>{"username"=>"james123", "password"=>"[FILTERED]"}}
Can't verify CSRF token authenticity.
Completed 422 Unprocessable Entity in 1ms (ActiveRecord: 0.0ms)



ActionController::InvalidAuthenticityToken - ActionController::InvalidAuthenticityToken:

Started POST "/__better_errors/542760a87e66e8c3/variables" for 127.0.0.1 at 2019-02-01 15:34:39 -0800
Started POST "/users" for 127.0.0.1 at 2019-02-01 15:35:41 -0800
Processing by UsersController#create as HTML
  Parameters: {"user"=>{"username"=>"james123", "password"=>"[FILTERED]"}}
Can't verify CSRF token authenticity.
Completed 422 Unprocessable Entity in 1ms (ActiveRecord: 0.0ms)



ActionController::InvalidAuthenticityToken - ActionController::InvalidAuthenticityToken:

Started POST "/__better_errors/a6471312b48ea089/variables" for 127.0.0.1 at 2019-02-01 15:35:41 -0800
Started GET "/users/new" for 127.0.0.1 at 2019-02-01 15:35:55 -0800
  [1m[35m (0.9ms)[0m  [1m[34mSELECT "schema_migrations"."version" FROM "schema_migrations" ORDER BY "schema_migrations"."version" ASC[0m
  ↳ /usr/local/var/rbenv/versions/2.5.0/lib/ruby/gems/2.5.0/gems/activerecord-5.2.2/lib/active_record/log_subscriber.rb:98
Processing by UsersController#new as HTML
  Rendering users/new.html.erb within layouts/application
  Rendered users/new.html.erb within layouts/application (8.3ms)
Completed 200 OK in 395ms (Views: 383.2ms | ActiveRecord: 0.0ms)


Started POST "/users" for 127.0.0.1 at 2019-02-01 15:36:02 -0800
Processing by UsersController#create as HTML
  Parameters: {"authenticity_token"=>"OJoiEDIlFgxxKWNV/pC4ahCiaMVmYh7tdYTCw3tBVTaG7MsDCR2scbJMN2udvP6utD8OEoMLiU5XIOS8xyuy5w==", "user"=>{"username"=>"james", "password"=>"[FILTERED]"}}
  [1m[35m (0.4ms)[0m  [1m[35mBEGIN[0m
  ↳ app/controllers/users_controller.rb:9
  [1m[36mUser Create (23.5ms)[0m  [1m[32mINSERT INTO "users" ("username", "password_digest", "session_token", "created_at", "updated_at") VALUES ($1, $2, $3, $4, $5) RETURNING "id"[0m  [["username", "james"], ["password_digest", "$2a$10$KUmuLkc3JDdI/EA.E3y1Su7WYJXONy57QXbMSxl8RGMY6QpoSSYW2"], ["session_token", "vElw1IBJjs_jObGKequsoQ"], ["created_at", "2019-02-01 23:36:02.516579"], ["updated_at", "2019-02-01 23:36:02.516579"]]
  ↳ app/controllers/users_controller.rb:9
  [1m[35m (20.4ms)[0m  [1m[35mCOMMIT[0m
  ↳ app/controllers/users_controller.rb:9
Redirected to http://localhost:3000/users/1
Completed 302 Found in 156ms (ActiveRecord: 50.8ms)


Started GET "/users/1" for 127.0.0.1 at 2019-02-01 15:36:02 -0800
Processing by UsersController#show as HTML
  Parameters: {"id"=>"1"}
  [1m[36mUser Load (0.4ms)[0m  [1m[34mSELECT  "users".* FROM "users" WHERE "users"."id" = $1 LIMIT $2[0m  [["id", 1], ["LIMIT", 1]]
  ↳ app/controllers/users_controller.rb:18
  Rendering users/show.html.erb within layouts/application
  Rendered users/show.html.erb within layouts/application (0.5ms)
Completed 200 OK in 51ms (Views: 33.5ms | ActiveRecord: 0.7ms)


Started GET "/session/new" for 127.0.0.1 at 2019-02-01 15:36:11 -0800
Processing by SessionsController#new as HTML
  Rendering sessions/new.html.erb within layouts/application
  Rendered sessions/new.html.erb within layouts/application (1.2ms)
Completed 200 OK in 29ms (Views: 27.0ms | ActiveRecord: 0.0ms)


Started POST "/session" for 127.0.0.1 at 2019-02-01 15:36:17 -0800
Processing by SessionsController#create as HTML
  Parameters: {"authenticity_token"=>"WZNiYGDwydfXUjHxepEmVzLj0hYI6773y5mBTndkfCzn5YtzW8hzqhQ3Zc8ZvWCTln60we2CKVTpPacxyw6b/Q==", "user"=>{"username"=>"james", "password"=>"[FILTERED]"}}
  [1m[36mUser Load (0.7ms)[0m  [1m[34mSELECT  "users".* FROM "users" WHERE "users"."username" = $1 LIMIT $2[0m  [["username", "james"], ["LIMIT", 1]]
  ↳ app/models/user.rb:27
Completed 500 Internal Server Error in 91ms (ActiveRecord: 0.7ms)



NoMethodError - undefined method `errors' for nil:NilClass:
  app/controllers/sessions_controller.rb:11:in `create'

Started POST "/__better_errors/b39edf168bb4fcc8/variables" for 127.0.0.1 at 2019-02-01 15:36:18 -0800
Started GET "/session/new" for 127.0.0.1 at 2019-02-01 15:37:37 -0800
Processing by SessionsController#new as HTML
  Rendering sessions/new.html.erb within layouts/application
  Rendered sessions/new.html.erb within layouts/application (1.2ms)
Completed 200 OK in 112ms (Views: 100.0ms | ActiveRecord: 0.0ms)


Started POST "/session" for 127.0.0.1 at 2019-02-01 15:37:41 -0800
Processing by SessionsController#create as HTML
  Parameters: {"authenticity_token"=>"vQ5sl3lIsXYlk44SToCfMBVZxVXD3F+rQTJsVFQoUFUDeIWEQnALC+b22iwtrNn0scSjgia1yAhjlkor6EK3hA==", "user"=>{"username"=>"james", "password"=>"[FILTERED]"}}
  [1m[36mUser Load (0.4ms)[0m  [1m[34mSELECT  "users".* FROM "users" WHERE "users"."username" = $1 LIMIT $2[0m  [["username", "james"], ["LIMIT", 1]]
  ↳ app/models/user.rb:27
  Rendering sessions/new.html.erb within layouts/application
  Rendered sessions/new.html.erb within layouts/application (0.8ms)
Completed 200 OK in 192ms (Views: 27.4ms | ActiveRecord: 6.0ms)


Started POST "/session" for 127.0.0.1 at 2019-02-01 15:37:55 -0800
Processing by SessionsController#create as HTML
  Parameters: {"authenticity_token"=>"9yHgmtufKKzFINH2vi6rrIhYrRoxLTfDZEJ4Al584KlJVwmJ4KeS0QZFhcjdAu1oLMXLzdREoGBG5l594hYHeA==", "user"=>{"username"=>"james", "password"=>"[FILTERED]"}}
  [1m[36mUser Load (0.8ms)[0m  [1m[34mSELECT  "users".* FROM "users" WHERE "users"."username" = $1 LIMIT $2[0m  [["username", "james"], ["LIMIT", 1]]
  ↳ app/models/user.rb:27
  Rendering sessions/new.html.erb within layouts/application
  Rendered sessions/new.html.erb within layouts/application (1.0ms)
Completed 200 OK in 123ms (Views: 31.5ms | ActiveRecord: 0.8ms)


Started POST "/session" for 127.0.0.1 at 2019-02-01 15:39:50 -0800
Processing by SessionsController#create as HTML
  Parameters: {"authenticity_token"=>"46utJfijG4ReVckPIZvPwD16ZbQXyhNn+ymrflVThSJd3UQ2w5uh+Z0wnTFCt4kEmecDY/KjhMTZjY0B6Tli8w==", "user"=>{"username"=>"james", "password"=>"[FILTERED]"}}
  [1m[36mUser Load (0.5ms)[0m  [1m[34mSELECT  "users".* FROM "users" WHERE "users"."username" = $1 LIMIT $2[0m  [["username", "james"], ["LIMIT", 1]]
  ↳ app/models/user.rb:27
  Rendering sessions/new.html.erb within layouts/application
  Rendered sessions/new.html.erb within layouts/application (0.6ms)
Completed 500 Internal Server Error in 138ms (ActiveRecord: 0.5ms)



NoMethodError - undefined method `each' for "Invalid Credentials":String:
  app/views/layouts/application.html.erb:14:in `_app_views_layouts_application_html_erb___3878438208674867672_70295783057460'
  app/controllers/sessions_controller.rb:12:in `create'

Started POST "/__better_errors/c6d15774dd756776/variables" for 127.0.0.1 at 2019-02-01 15:39:50 -0800
Started GET "/session" for 127.0.0.1 at 2019-02-01 15:40:11 -0800
  
ActionController::RoutingError (No route matches [GET] "/session"):
  
actionpack (5.2.2) lib/action_dispatch/middleware/debug_exceptions.rb:65:in `call'
web-console (3.7.0) lib/web_console/middleware.rb:135:in `call_app'
web-console (3.7.0) lib/web_console/middleware.rb:30:in `block in call'
web-console (3.7.0) lib/web_console/middleware.rb:20:in `catch'
web-console (3.7.0) lib/web_console/middleware.rb:20:in `call'
actionpack (5.2.2) lib/action_dispatch/middleware/show_exceptions.rb:33:in `call'
railties (5.2.2) lib/rails/rack/logger.rb:38:in `call_app'
railties (5.2.2) lib/rails/rack/logger.rb:26:in `block in call'
activesupport (5.2.2) lib/active_support/tagged_logging.rb:71:in `block in tagged'
activesupport (5.2.2) lib/active_support/tagged_logging.rb:28:in `tagged'
activesupport (5.2.2) lib/active_support/tagged_logging.rb:71:in `tagged'
railties (5.2.2) lib/rails/rack/logger.rb:26:in `call'
sprockets-rails (3.2.1) lib/sprockets/rails/quiet_assets.rb:13:in `call'
actionpack (5.2.2) lib/action_dispatch/middleware/remote_ip.rb:81:in `call'
actionpack (5.2.2) lib/action_dispatch/middleware/request_id.rb:27:in `call'
rack (2.0.6) lib/rack/method_override.rb:22:in `call'
rack (2.0.6) lib/rack/runtime.rb:22:in `call'
activesupport (5.2.2) lib/active_support/cache/strategy/local_cache_middleware.rb:29:in `call'
actionpack (5.2.2) lib/action_dispatch/middleware/executor.rb:14:in `call'
actionpack (5.2.2) lib/action_dispatch/middleware/static.rb:127:in `call'
rack (2.0.6) lib/rack/sendfile.rb:111:in `call'
railties (5.2.2) lib/rails/engine.rb:524:in `call'
puma (3.12.0) lib/puma/configuration.rb:225:in `call'
puma (3.12.0) lib/puma/server.rb:658:in `handle_request'
puma (3.12.0) lib/puma/server.rb:472:in `process_client'
puma (3.12.0) lib/puma/server.rb:332:in `block in run'
puma (3.12.0) lib/puma/thread_pool.rb:133:in `block in spawn_thread'
Started GET "/session/new" for 127.0.0.1 at 2019-02-01 15:40:15 -0800
Processing by SessionsController#new as HTML
  Rendering sessions/new.html.erb within layouts/application
  Rendered sessions/new.html.erb within layouts/application (0.6ms)
Completed 200 OK in 25ms (Views: 23.2ms | ActiveRecord: 0.0ms)


Started POST "/session" for 127.0.0.1 at 2019-02-01 15:40:18 -0800
Processing by SessionsController#create as HTML
  Parameters: {"authenticity_token"=>"Kw94rMxEQI5ilO525sq3Y/dp3RRru35CSAM8FyVT90mVeZG/93z686HxukiF5vGnU/S7w47S6eFqpxpomTkQmA==", "user"=>{"username"=>"fdsafsdaf", "password"=>"[FILTERED]"}}
  [1m[36mUser Load (0.4ms)[0m  [1m[34mSELECT  "users".* FROM "users" WHERE "users"."username" = $1 LIMIT $2[0m  [["username", "fdsafsdaf"], ["LIMIT", 1]]
  ↳ app/models/user.rb:27
  Rendering sessions/new.html.erb within layouts/application
  Rendered sessions/new.html.erb within layouts/application (0.5ms)
Completed 200 OK in 90ms (Views: 19.5ms | ActiveRecord: 3.3ms)


Started GET "/session" for 127.0.0.1 at 2019-02-01 15:40:28 -0800
  
ActionController::RoutingError (No route matches [GET] "/session"):
  
actionpack (5.2.2) lib/action_dispatch/middleware/debug_exceptions.rb:65:in `call'
web-console (3.7.0) lib/web_console/middleware.rb:135:in `call_app'
web-console (3.7.0) lib/web_console/middleware.rb:30:in `block in call'
web-console (3.7.0) lib/web_console/middleware.rb:20:in `catch'
web-console (3.7.0) lib/web_console/middleware.rb:20:in `call'
actionpack (5.2.2) lib/action_dispatch/middleware/show_exceptions.rb:33:in `call'
railties (5.2.2) lib/rails/rack/logger.rb:38:in `call_app'
railties (5.2.2) lib/rails/rack/logger.rb:26:in `block in call'
activesupport (5.2.2) lib/active_support/tagged_logging.rb:71:in `block in tagged'
activesupport (5.2.2) lib/active_support/tagged_logging.rb:28:in `tagged'
activesupport (5.2.2) lib/active_support/tagged_logging.rb:71:in `tagged'
railties (5.2.2) lib/rails/rack/logger.rb:26:in `call'
sprockets-rails (3.2.1) lib/sprockets/rails/quiet_assets.rb:13:in `call'
actionpack (5.2.2) lib/action_dispatch/middleware/remote_ip.rb:81:in `call'
actionpack (5.2.2) lib/action_dispatch/middleware/request_id.rb:27:in `call'
rack (2.0.6) lib/rack/method_override.rb:22:in `call'
rack (2.0.6) lib/rack/runtime.rb:22:in `call'
activesupport (5.2.2) lib/active_support/cache/strategy/local_cache_middleware.rb:29:in `call'
actionpack (5.2.2) lib/action_dispatch/middleware/executor.rb:14:in `call'
actionpack (5.2.2) lib/action_dispatch/middleware/static.rb:127:in `call'
rack (2.0.6) lib/rack/sendfile.rb:111:in `call'
railties (5.2.2) lib/rails/engine.rb:524:in `call'
puma (3.12.0) lib/puma/configuration.rb:225:in `call'
puma (3.12.0) lib/puma/server.rb:658:in `handle_request'
puma (3.12.0) lib/puma/server.rb:472:in `process_client'
puma (3.12.0) lib/puma/server.rb:332:in `block in run'
puma (3.12.0) lib/puma/thread_pool.rb:133:in `block in spawn_thread'
Started GET "/session/new" for 127.0.0.1 at 2019-02-01 15:40:30 -0800
Processing by SessionsController#new as HTML
  Rendering sessions/new.html.erb within layouts/application
  Rendered sessions/new.html.erb within layouts/application (1.2ms)
Completed 200 OK in 47ms (Views: 44.9ms | ActiveRecord: 0.0ms)


Started POST "/session" for 127.0.0.1 at 2019-02-01 15:40:33 -0800
Processing by SessionsController#create as HTML
  Parameters: {"authenticity_token"=>"5MibafZWVXvBxWMMjfPNPAMDZzZz8JrvVxDy6iy8uHxavnJ6zW7vBgKgNzLu34v4p54B4ZaZDUx1tNSVkNZfrQ==", "user"=>{"username"=>"fdsfdsa", "password"=>"[FILTERED]"}}
  [1m[36mUser Load (0.4ms)[0m  [1m[34mSELECT  "users".* FROM "users" WHERE "users"."username" = $1 LIMIT $2[0m  [["username", "fdsfdsa"], ["LIMIT", 1]]
  ↳ app/models/user.rb:27
Completed 500 Internal Server Error in 11ms (ActiveRecord: 2.6ms)



NoMethodError - undefined method `<<' for nil:NilClass:
  app/controllers/sessions_controller.rb:11:in `create'

Started POST "/__better_errors/f2c1419f32e1abc7/variables" for 127.0.0.1 at 2019-02-01 15:40:33 -0800
Started GET "/users/new" for 127.0.0.1 at 2019-02-01 16:06:28 -0800
Processing by UsersController#new as HTML
  Rendering users/new.html.erb within layouts/application
  Rendered users/new.html.erb within layouts/application (0.9ms)
Completed 200 OK in 140ms (Views: 130.5ms | ActiveRecord: 0.0ms)


Started GET "/session/new" for 127.0.0.1 at 2019-02-01 16:06:32 -0800
Processing by SessionsController#new as HTML
  Rendering sessions/new.html.erb within layouts/application
  Rendered sessions/new.html.erb within layouts/application (0.7ms)
Completed 200 OK in 49ms (Views: 18.6ms | ActiveRecord: 0.0ms)


Started POST "/users" for 127.0.0.1 at 2019-02-01 16:06:38 -0800
Processing by UsersController#create as HTML
  Parameters: {"authenticity_token"=>"BlDzh/83AWtpVlwxWJfc/2LPx7qg8ZFHLkKhEZCUad24JhqUxA+7FqozCA87u5o7xlKhbUWYBuQM5oduLP6ODA==", "user"=>{"username"=>"Billy", "password"=>"[FILTERED]"}}
  [1m[35m (0.2ms)[0m  [1m[35mBEGIN[0m
  ↳ app/controllers/users_controller.rb:9
  [1m[36mUser Create (31.1ms)[0m  [1m[32mINSERT INTO "users" ("username", "password_digest", "session_token", "created_at", "updated_at") VALUES ($1, $2, $3, $4, $5) RETURNING "id"[0m  [["username", "Billy"], ["password_digest", "$2a$10$RHYNxZmIGSBGYhQnvdPYre6RFKlBpgaZc3tkRzkKZLdQVvKytyrQq"], ["session_token", "8sgoQ16tQyZ67-pTkRG8RQ"], ["created_at", "2019-02-02 00:06:38.979289"], ["updated_at", "2019-02-02 00:06:38.979289"]]
  ↳ app/controllers/users_controller.rb:9
  [1m[35m (10.8ms)[0m  [1m[35mCOMMIT[0m
  ↳ app/controllers/users_controller.rb:9
Redirected to http://localhost:3000/users/2
Completed 302 Found in 179ms (ActiveRecord: 53.5ms)


Started GET "/users/2" for 127.0.0.1 at 2019-02-01 16:06:39 -0800
Processing by UsersController#show as HTML
  Parameters: {"id"=>"2"}
  [1m[36mUser Load (0.7ms)[0m  [1m[34mSELECT  "users".* FROM "users" WHERE "users"."id" = $1 LIMIT $2[0m  [["id", 2], ["LIMIT", 1]]
  ↳ app/controllers/users_controller.rb:18
  Rendering users/show.html.erb within layouts/application
  Rendered users/show.html.erb within layouts/application (0.4ms)
Completed 200 OK in 39ms (Views: 35.8ms | ActiveRecord: 1.0ms)


Started POST "/session" for 127.0.0.1 at 2019-02-01 16:06:45 -0800
Processing by SessionsController#create as HTML
  Parameters: {"authenticity_token"=>"S1pD4LK94JSLE7pxBe2QsCJIGZeHg2GT7HHGT687kZv1LKrziYVa6Uh27k9mwdZ0htV/QGLq9jDO1eAwE1F2Sg==", "user"=>{"username"=>"Billy", "password"=>"[FILTERED]"}}
  [1m[36mUser Load (0.6ms)[0m  [1m[34mSELECT  "users".* FROM "users" WHERE "users"."username" = $1 LIMIT $2[0m  [["username", "Billy"], ["LIMIT", 1]]
  ↳ app/models/user.rb:27
Redirected to http://localhost:3000/users/2
Completed 302 Found in 89ms (ActiveRecord: 0.6ms)


Started GET "/users/2" for 127.0.0.1 at 2019-02-01 16:06:45 -0800
Processing by UsersController#show as HTML
  Parameters: {"id"=>"2"}
  [1m[36mUser Load (0.4ms)[0m  [1m[34mSELECT  "users".* FROM "users" WHERE "users"."id" = $1 LIMIT $2[0m  [["id", 2], ["LIMIT", 1]]
  ↳ app/controllers/users_controller.rb:18
  Rendering users/show.html.erb within layouts/application
  Rendered users/show.html.erb within layouts/application (0.4ms)
Completed 200 OK in 21ms (Views: 19.0ms | ActiveRecord: 0.4ms)


Started POST "/session" for 127.0.0.1 at 2019-02-01 16:07:31 -0800
Processing by SessionsController#create as HTML
  Parameters: {"authenticity_token"=>"S1pD4LK94JSLE7pxBe2QsCJIGZeHg2GT7HHGT687kZv1LKrziYVa6Uh27k9mwdZ0htV/QGLq9jDO1eAwE1F2Sg==", "user"=>{"username"=>"Billy", "password"=>"[FILTERED]"}}
  [1m[36mUser Load (0.4ms)[0m  [1m[34mSELECT  "users".* FROM "users" WHERE "users"."username" = $1 LIMIT $2[0m  [["username", "Billy"], ["LIMIT", 1]]
  ↳ app/models/user.rb:27
  Rendering sessions/new.html.erb within layouts/application
  Rendered sessions/new.html.erb within layouts/application (0.8ms)
Completed 200 OK in 157ms (Views: 71.7ms | ActiveRecord: 0.4ms)


Started POST "/session" for 127.0.0.1 at 2019-02-01 16:07:49 -0800
Processing by SessionsController#create as HTML
  Parameters: {"authenticity_token"=>"pZpyAIFYo2I5hA63cZGtgjawd+HMelBMzdV6UH+UV+kb7JsTumAZH/rhWokSvetGki0RNikTx+/vcVwvw/6wOA==", "user"=>{"username"=>"Billy", "password"=>"[FILTERED]"}}
  [1m[36mUser Load (0.9ms)[0m  [1m[34mSELECT  "users".* FROM "users" WHERE "users"."username" = $1 LIMIT $2[0m  [["username", "Billy"], ["LIMIT", 1]]
  ↳ app/models/user.rb:27
Redirected to http://localhost:3000/users/2
Completed 302 Found in 87ms (ActiveRecord: 0.9ms)


Started GET "/users/2" for 127.0.0.1 at 2019-02-01 16:07:49 -0800
Processing by UsersController#show as HTML
  Parameters: {"id"=>"2"}
  [1m[36mUser Load (0.5ms)[0m  [1m[34mSELECT  "users".* FROM "users" WHERE "users"."id" = $1 LIMIT $2[0m  [["id", 2], ["LIMIT", 1]]
  ↳ app/controllers/users_controller.rb:18
  Rendering users/show.html.erb within layouts/application
  Rendered users/show.html.erb within layouts/application (0.5ms)
Completed 200 OK in 26ms (Views: 23.7ms | ActiveRecord: 0.5ms)


Started GET "/session" for 127.0.0.1 at 2019-02-01 16:09:04 -0800
  
ActionController::RoutingError (No route matches [GET] "/session"):
  
actionpack (5.2.2) lib/action_dispatch/middleware/debug_exceptions.rb:65:in `call'
web-console (3.7.0) lib/web_console/middleware.rb:135:in `call_app'
web-console (3.7.0) lib/web_console/middleware.rb:30:in `block in call'
web-console (3.7.0) lib/web_console/middleware.rb:20:in `catch'
web-console (3.7.0) lib/web_console/middleware.rb:20:in `call'
actionpack (5.2.2) lib/action_dispatch/middleware/show_exceptions.rb:33:in `call'
railties (5.2.2) lib/rails/rack/logger.rb:38:in `call_app'
railties (5.2.2) lib/rails/rack/logger.rb:26:in `block in call'
activesupport (5.2.2) lib/active_support/tagged_logging.rb:71:in `block in tagged'
activesupport (5.2.2) lib/active_support/tagged_logging.rb:28:in `tagged'
activesupport (5.2.2) lib/active_support/tagged_logging.rb:71:in `tagged'
railties (5.2.2) lib/rails/rack/logger.rb:26:in `call'
sprockets-rails (3.2.1) lib/sprockets/rails/quiet_assets.rb:13:in `call'
actionpack (5.2.2) lib/action_dispatch/middleware/remote_ip.rb:81:in `call'
actionpack (5.2.2) lib/action_dispatch/middleware/request_id.rb:27:in `call'
rack (2.0.6) lib/rack/method_override.rb:22:in `call'
rack (2.0.6) lib/rack/runtime.rb:22:in `call'
activesupport (5.2.2) lib/active_support/cache/strategy/local_cache_middleware.rb:29:in `call'
actionpack (5.2.2) lib/action_dispatch/middleware/executor.rb:14:in `call'
actionpack (5.2.2) lib/action_dispatch/middleware/static.rb:127:in `call'
rack (2.0.6) lib/rack/sendfile.rb:111:in `call'
railties (5.2.2) lib/rails/engine.rb:524:in `call'
puma (3.12.0) lib/puma/configuration.rb:225:in `call'
puma (3.12.0) lib/puma/server.rb:658:in `handle_request'
puma (3.12.0) lib/puma/server.rb:472:in `process_client'
puma (3.12.0) lib/puma/server.rb:332:in `block in run'
puma (3.12.0) lib/puma/thread_pool.rb:133:in `block in spawn_thread'
Started GET "/session/new" for 127.0.0.1 at 2019-02-01 16:09:08 -0800
Processing by SessionsController#new as HTML
  Rendering sessions/new.html.erb within layouts/application
  Rendered sessions/new.html.erb within layouts/application (1.4ms)
Completed 200 OK in 182ms (Views: 178.5ms | ActiveRecord: 0.0ms)


Started POST "/session" for 127.0.0.1 at 2019-02-01 16:09:10 -0800
Processing by SessionsController#create as HTML
  Parameters: {"authenticity_token"=>"6lRyjt/Q/mk1J5pzvg2e/xkA68QHpbPcbw6ju7/0mj5UIpud5OhEFPZCzk3dIdg7vZ2NE+LMJH9NqoXEA5597w==", "user"=>{"username"=>"", "password"=>"[FILTERED]"}}
  [1m[36mUser Load (0.5ms)[0m  [1m[34mSELECT  "users".* FROM "users" WHERE "users"."username" = $1 LIMIT $2[0m  [["username", ""], ["LIMIT", 1]]
  ↳ app/models/user.rb:27
  Rendering sessions/new.html.erb within layouts/application
  Rendered sessions/new.html.erb within layouts/application (0.6ms)
Completed 200 OK in 33ms (Views: 28.6ms | ActiveRecord: 0.5ms)


  [1m[36mUser Load (0.9ms)[0m  [1m[34mSELECT  "users".* FROM "users" WHERE "users"."session_token" = $1 LIMIT $2[0m  [["session_token", "fdfdsad"], ["LIMIT", 1]]
